[38;5;112m[Appium][0m Welcome to Appium v3.1.1
[38;5;112m[Appium][0m Non-default server args:
[38;5;112m[Appium][0m { basePath: [32m'/wd/hub'[39m, loglevel: [32m'info'[39m, port: [33m57872[39m }
[38;5;112m[Appium][0m Attempting to load driver uiautomator2...
[38;5;112m[Appium][0m Appium REST http interface listener started on http://0.0.0.0:57872/wd/hub
[38;5;112m[Appium][0m You can provide the following URLs in your client code to connect to this server:
	http://192.168.0.110:57872/wd/hub
	http://127.0.0.1:57872/wd/hub (only accessible from the same host)
[38;5;112m[Appium][0m Available drivers:
[38;5;112m[Appium][0m   - uiautomator2@6.1.1 (automationName 'UiAutomator2')
[38;5;112m[Appium][0m No plugins have been installed. Use the "appium plugin" command to install the one(s) you want to use.
[38;5;86m[HTTP][0m [37m-->[39m [37mGET[39m [37m/wd/hub/status[39m [90m[39m
[38;5;86m[HTTP][0m [37m<-- GET /wd/hub/status [39m[32m200[39m [90m5 ms - 110[39m [90m[39m
[38;5;86m[HTTP][0m [37m-->[39m [37mGET[39m [37m/wd/hub/status[39m [90m[39m
[38;5;86m[HTTP][0m [37m<-- GET /wd/hub/status [39m[32m200[39m [90m1 ms - 110[39m [90m[39m
[38;5;86m[HTTP][0m [37m-->[39m [37mPOST[39m [37m/wd/hub/session[39m [90m{"capabilities":{"firstMatch":[{"appium:app":"C:\\Users\\Asus Zenbook\\Downloads\\Todo_2.0_APKPure.apk","appium:autoGrantPermissions":true,"appium:automationName":"uiautomator2","appium:deviceName":"samsung SM-A055F (Android 14)","appium:fullReset":false,"appium:newCommandTimeout":1800,"appium:noReset":true,"appium:platformName":"ANDROID","appium:platformVersion":"14","appium:systemPort":52040,"appium:udid":"R9CWB0459ZY","platformName":"ANDROID"}]},"desiredCapabilities":{"appium:app":"C:\\Users\\Asus Zenbook\\Downloads\\Todo_2.0_APKPure.apk","appium:autoGrantPermissions":true,"appium:automationName":"uiautomator2","appium:deviceName":"samsung SM-A055F (Android 14)","appium:fullReset":false,"appium:newCommandTimeout":1800,"appium:noReset":true,"appium:platformName":"ANDROID","appium:platformVersion":"14","appium:systemPort":52040,"appium:udid":"R9CWB0459ZY"}}[39m
[38;5;123m[BaseDriver][0m The following arguments are not known and will be ignored: desiredCapabilities
[38;5;123m[BaseDriver][0m Ignoring capability 'appium:platformName=ANDROID' and using capability 'platformName=ANDROID'
[38;5;123m[BaseDriver][0m The capabilities ["platformName"] are standard capabilities and do not require "appium:" prefix
[38;5;112m[Appium][0m Attempting to find matching driver for automationName 'uiautomator2' and platformName 'ANDROID'
[38;5;112m[Appium][0m The 'uiautomator2' driver was installed and matched caps.
[38;5;112m[Appium][0m Will require it at C:\Users\Asus Zenbook\.appium\node_modules\appium-uiautomator2-driver
[38;5;220m[AppiumDriver@d1e0][0m Appium v3.1.1 creating new AndroidUiautomator2Driver (v6.1.1) session
[38;5;220m[AppiumDriver@d1e0][0m Checking BaseDriver versions for Appium and AndroidUiautomator2Driver
[38;5;220m[AppiumDriver@d1e0][0m Appium's BaseDriver version is 10.1.1
[38;5;220m[AppiumDriver@d1e0][0m AndroidUiautomator2Driver's BaseDriver version is 10.1.1
[38;5;210m[2e5879db][0m[38;5;-69m[AndroidUiautomator2Driver@1e68][0m Session created with session id: 2e5879db-c168-49bc-a399-c66ce467c04c
[38;5;210m[2e5879db][0m[38;5;229m[ADB][0m Found 1 'build-tools' folders under 'C:\Users\Asus Zenbook\.katalon\tools\android_sdk' (newest first):
[38;5;210m[2e5879db][0m[38;5;229m[ADB][0m     C:\Users\Asus Zenbook\.katalon\tools\android_sdk\build-tools\29.0.3
[38;5;210m[2e5879db][0m[38;5;229m[ADB][0m Using 'adb.exe' from 'C:\Users\Asus Zenbook\.katalon\tools\android_sdk\platform-tools\adb.exe'
[38;5;210m[2e5879db][0m[38;5;-69m[AndroidUiautomator2Driver@1e68][0m Retrieving device list
[38;5;210m[2e5879db][0m[38;5;-69m[AndroidUiautomator2Driver@1e68][0m Using device: R9CWB0459ZY
[38;5;210m[2e5879db][0m[38;5;229m[ADB][0m Using 'adb.exe' from 'C:\Users\Asus Zenbook\.katalon\tools\android_sdk\platform-tools\adb.exe'
[38;5;210m[2e5879db][0m[38;5;123m[BaseDriver][0m Using local app 'C:\Users\Asus Zenbook\Downloads\Todo_2.0_APKPure.apk'
[38;5;210m[2e5879db][0m[38;5;229m[ADB][0m Getting device platform version
[38;5;210m[2e5879db][0m[38;5;-69m[AndroidUiautomator2Driver@1e68][0m Relaxing hidden api policy
[38;5;210m[2e5879db][0m[38;5;229m[ADB][0m Using 'aapt2.exe' from 'C:\Users\Asus Zenbook\.katalon\tools\android_sdk\build-tools\29.0.3\aapt2.exe'
[38;5;210m[2e5879db][0m[38;5;229m[ADB][0m Package name: 'com.avinashproduct.todo'
[38;5;210m[2e5879db][0m[38;5;229m[ADB][0m Main activity name: 'com.avinashproduct.todo.SplashScreenActivity'
[38;5;210m[2e5879db][0m[38;5;229m[ADB][0m Using 'apksigner.jar' from 'C:\Users\Asus Zenbook\.katalon\tools\android_sdk\build-tools\29.0.3\lib\apksigner.jar'
[38;5;210m[2e5879db][0m[38;5;-69m[AndroidUiautomator2Driver@1e68][0m Server packages are not going to be (re)installed
[38;5;210m[2e5879db][0m[38;5;229m[ADB][0m Adding packages ["io.appium.settings","io.appium.uiautomator2.server","io.appium.uiautomator2.server.test"] to Doze whitelist
[38;5;210m[2e5879db][0m[38;5;229m[ADB][0m 'C:\Users\Asus Zenbook\Downloads\Todo_2.0_APKPure.apk' is signed with a non-default certificate
[38;5;210m[2e5879db][0m[38;5;229m[ADB][0m The application at 'C:\Users\Asus Zenbook\Downloads\Todo_2.0_APKPure.apk' will not be cached, because the device under test has confirmed the support of streamed installs
[38;5;210m[2e5879db][0m[38;5;229m[ADB][0m The installation of 'Todo_2.0_APKPure.apk' took 8169ms
[38;5;210m[2e5879db][0m[38;5;-69m[AndroidUiautomator2Driver@1e68][0m Starting UIAutomator2 server 9.1.2
[38;5;210m[2e5879db][0m[38;5;-69m[AndroidUiautomator2Driver@1e68][0m Using UIAutomator2 server from 'C:\Users\Asus Zenbook\.appium\node_modules\appium-uiautomator2-driver\node_modules\appium-uiautomator2-server\apks\appium-uiautomator2-server-v9.1.2.apk' and test from 'C:\Users\Asus Zenbook\.appium\node_modules\appium-uiautomator2-driver\node_modules\appium-uiautomator2-server\apks\appium-uiautomator2-server-debug-androidTest.apk'
[38;5;210m[2e5879db][0m[38;5;-69m[AndroidUiautomator2Driver@1e68][0m Waiting up to 30000ms for UiAutomator2 to be online...
[38;5;210m[2e5879db][0m[38;5;-69m[AndroidUiautomator2Driver@1e68][0m socket hang up
[38;5;210m[2e5879db][0m[38;5;-69m[AndroidUiautomator2Driver@1e68][0m socket hang up
[38;5;210m[2e5879db][0m[38;5;-69m[AndroidUiautomator2Driver@1e68][0m Determined the downstream protocol as 'W3C'
[38;5;210m[2e5879db][0m[38;5;-69m[AndroidUiautomator2Driver@1e68][0m Screen already unlocked, doing nothing
[38;5;210m[2e5879db][0m[38;5;-69m[AndroidUiautomator2Driver@1e68][0m Starting 'com.avinashproduct.todo/com.avinashproduct.todo.SplashScreenActivity' and waiting for 'com.avinashproduct.todo/com.avinashproduct.todo.SplashScreenActivity'
[38;5;210m[2e5879db][0m[38;5;220m[AppiumDriver@d1e0][0m New AndroidUiautomator2Driver session created successfully, session 2e5879db-c168-49bc-a399-c66ce467c04c added to master session list
[38;5;210m[2e5879db][0m[38;5;86m[HTTP][0m [37m<-- POST /wd/hub/session [39m[32m200[39m [90m14797 ms - 1259[39m [90m[39m
[38;5;86m[HTTP][0m [37m-->[39m [37mGET[39m [37m/status[39m [90m[39m
[38;5;86m[HTTP][0m [37m<-- GET /status [39m[33m404[39m [90m9 ms - 3245[39m [90m[39m
[38;5;210m[2e5879db][0m[38;5;86m[HTTP][0m [37m-->[39m [37mPOST[39m [37m/wd/hub/session/2e5879db-c168-49bc-a399-c66ce467c04c/timeouts[39m [90m{"implicit":60000}[39m
[38;5;210m[2e5879db][0m[38;5;86m[HTTP][0m [37m<-- POST /wd/hub/session/2e5879db-c168-49bc-a399-c66ce467c04c/timeouts [39m[32m200[39m [90m2 ms - 14[39m [90m[39m
[38;5;210m[2e5879db][0m[38;5;86m[HTTP][0m [37m-->[39m [37mGET[39m [37m/wd/hub/session/2e5879db-c168-49bc-a399-c66ce467c04c/source[39m [90m{}[39m
[38;5;210m[2e5879db][0m[38;5;-69m[AndroidUiautomator2Driver@1e68][0m Driver proxy active, passing request on via HTTP proxy
[38;5;210m[2e5879db][0m[38;5;-69m[AndroidUiautomator2Driver@1e68][0m Replacing sessionId f490eea7-b937-4148-a022-e78abb67f84e with 2e5879db-c168-49bc-a399-c66ce467c04c
[38;5;210m[2e5879db][0m[38;5;86m[HTTP][0m [37m<-- GET /wd/hub/session/2e5879db-c168-49bc-a399-c66ce467c04c/source [39m[32m200[39m [90m90 ms - 10739[39m [90m[39m
[38;5;210m[2e5879db][0m[38;5;86m[HTTP][0m [37m-->[39m [37mGET[39m [37m/wd/hub/session/2e5879db-c168-49bc-a399-c66ce467c04c/screenshot[39m [90m{}[39m
[38;5;210m[2e5879db][0m[38;5;86m[HTTP][0m [37m<-- GET /wd/hub/session/2e5879db-c168-49bc-a399-c66ce467c04c/screenshot [39m[32m200[39m [90m756 ms - 95472[39m [90m[39m
[38;5;210m[2e5879db][0m[38;5;86m[HTTP][0m [37m-->[39m [37mGET[39m [37m/wd/hub/session/2e5879db-c168-49bc-a399-c66ce467c04c/source[39m [90m{}[39m
[38;5;210m[2e5879db][0m[38;5;-69m[AndroidUiautomator2Driver@1e68][0m Driver proxy active, passing request on via HTTP proxy
[38;5;210m[2e5879db][0m[38;5;-69m[AndroidUiautomator2Driver@1e68][0m Replacing sessionId f490eea7-b937-4148-a022-e78abb67f84e with 2e5879db-c168-49bc-a399-c66ce467c04c
[38;5;210m[2e5879db][0m[38;5;86m[HTTP][0m [37m<-- GET /wd/hub/session/2e5879db-c168-49bc-a399-c66ce467c04c/source [39m[32m200[39m [90m175 ms - 17383[39m [90m[39m
[38;5;210m[2e5879db][0m[38;5;86m[HTTP][0m [37m-->[39m [37mGET[39m [37m/wd/hub/session/2e5879db-c168-49bc-a399-c66ce467c04c/screenshot[39m [90m{}[39m
[38;5;210m[2e5879db][0m[38;5;86m[HTTP][0m [37m<-- GET /wd/hub/session/2e5879db-c168-49bc-a399-c66ce467c04c/screenshot [39m[32m200[39m [90m465 ms - 44056[39m [90m[39m
[38;5;210m[2e5879db][0m[38;5;-69m[AndroidUiautomator2Driver@1e68][0m Shutting down because we waited 1800 seconds for a command
[38;5;210m[2e5879db][0m[38;5;220m[AppiumDriver@d1e0][0m Ending session, cause was 'New Command Timeout of 1800 seconds expired. Try customizing the timeout using the 'newCommandTimeout' desired capability'
[38;5;210m[2e5879db][0m[38;5;220m[AppiumDriver@d1e0][0m Removing session '2e5879db-c168-49bc-a399-c66ce467c04c' from our master session list
[38;5;210m[2e5879db][0m[38;5;-69m[AndroidUiautomator2Driver@1e68][0m Did not get the confirmation of UiAutomator2 server session deletion. Original error: 'DELETE /' cannot be proxied to UiAutomator2 server because the instrumentation process is not running (probably crashed). Check the server log and/or the logcat output for more details
[38;5;210m[2e5879db][0m[38;5;229m[ADB][0m Error sending command, reconnecting device and retrying: shell,ps,-A
[38;5;210m[2e5879db][0m[38;5;229m[ADB][0m Error sending command, reconnecting device and retrying: shell,am,force-stop,io.appium.uiautomator2.server
[38;5;210m[2e5879db][0m[38;5;229m[ADB][0m Error sending command, reconnecting device and retrying: shell,am,force-stop,io.appium.uiautomator2.server.test
[38;5;210m[2e5879db][0m[38;5;229m[ADB][0m Error sending command, reconnecting device and retrying: shell,dumpsys,activity,services,io.appium.settings/.recorder.RecorderService
[38;5;210m[2e5879db][0m[38;5;229m[ADB][0m Error sending command, reconnecting device and retrying: forward,--remove,tcp:52040
[38;5;210m[2e5879db][0m[38;5;-69m[AndroidUiautomator2Driver@1e68][0m Unable to remove system port forward: Could not find a connected Android device in 20000ms
[38;5;210m[2e5879db][0m[38;5;-69m[AndroidUiautomator2Driver@1e68][0m Restoring hidden api policy to the device default configuration
[38;5;210m[2e5879db][0m[38;5;229m[ADB][0m Error sending command, reconnecting device and retrying: shell,settings delete global hidden_api_policy_pre_p_apps;settings delete global hidden_api_policy_p_apps;settings delete global hidden_api_policy
